<?xml version="1.0" encoding="UTF-8"?>
<testsuite xmlns:xsi="http://www.w3.org/2001/XMLSchema-instance" xsi:noNamespaceSchemaLocation="https://maven.apache.org/surefire/maven-surefire-plugin/xsd/surefire-test-report-3.0.xsd" version="3.0" name="com.Maha.CalculatorTest" time="0.098" tests="4" errors="0" skipped="0" failures="0">
  <properties>
[...]
</properties>
  <testcase name="add" classname="com.Maha.CalculatorTest" time="0.013">
    <system-out><![CDATA[Setting Up Calculator before Test
Addition test passed.
Tear down Calculator after Test
]]></system-out>
  </testcase>
  <testcase name="div" classname="com.Maha.CalculatorTest" time="0.001">
    <system-out><![CDATA[Setting Up Calculator before Test
Division test passed.
Tear down Calculator after Test
]]></system-out>
  </testcase>
  <testcase name="mul" classname="com.Maha.CalculatorTest" time="0.004">
    <system-out><![CDATA[Setting Up Calculator before Test
Multiplication test passed.
Tear down Calculator after Test
]]></system-out>
  </testcase>
  <testcase name="sub" classname="com.Maha.CalculatorTest" time="0.002">
    <system-out><![CDATA[Setting Up Calculator before Test
Subtraction test passed.
Tear down Calculator after Test
]]></system-out>
  </testcase>
</testsuite>